[2019-08-26 16:43:37] [INFO]: Standard checkout configuration saved successfully
[2019-08-26 16:43:47] [INFO]: Cart id 10 - Preference created successfully
[2019-08-26 16:44:21] [INFO]: Credentials saved successfully
[2019-08-26 16:44:25] [INFO]: Cart id 10 - Preference created successfully
[2019-08-26 16:45:03] [INFO]: Notification received on cart id 10
[2019-08-26 16:45:03] [INFO]: Notification received on cart id 10
[2019-08-26 16:45:03] [ERROR]: The notification does not have the necessary parameters to create an order
[2019-08-26 16:45:03] [INFO]: Notification received on cart id 10
[2019-08-26 16:45:03] [ERROR]: The notification does not have the necessary parameters to create an order
[2019-08-26 16:45:04] [INFO]: Notification received on cart id 10
[2019-08-26 16:45:04] [ERROR]: The notification does not have the necessary parameters to create an order
[2019-08-26 16:45:04] [INFO]: Notification received on cart id 10
[2019-08-26 16:45:04] [ERROR]: The notification does not have the necessary parameters to create an order
[2019-08-26 16:45:05] [INFO]: Order created successfully on cart id 10
[2019-08-26 16:45:17] [INFO]: Notification received on cart id 10
[2019-08-26 16:45:17] [WARNING]: The order status is the same
[2019-08-26 16:45:17] [INFO]: Notification received on cart id 10
[2019-08-26 16:45:18] [WARNING]: The order status is the same
[2019-08-26 16:50:43] [INFO]: Cart id 11 - Preference created successfully
[2019-08-26 16:50:50] [INFO]: Cart id 11 - Preference created successfully
[2019-08-26 16:50:55] [INFO]: Cart id 11 - Preference created successfully
[2019-08-26 16:52:20] [INFO]: Notification received on cart id 11
[2019-08-26 16:52:20] [WARNING]: The order status is the same
[2019-08-26 16:52:20] [INFO]: Notification received on cart id 11
[2019-08-26 16:52:20] [INFO]: Notification received on cart id 11
[2019-08-26 16:52:20] [ERROR]: The notification does not have the necessary parameters to create an order
[2019-08-26 16:52:21] [INFO]: Notification received on cart id 11
[2019-08-26 16:52:21] [INFO]: Notification received on cart id 11
[2019-08-26 16:52:21] [ERROR]: The notification does not have the necessary parameters to create an order
[2019-08-26 16:52:21] [INFO]: Notification received on cart id 11
[2019-08-26 16:52:21] [ERROR]: The notification does not have the necessary parameters to create an order
[2019-08-26 16:52:21] [INFO]: Notification received on cart id 11
[2019-08-26 16:52:21] [ERROR]: The notification does not have the necessary parameters to create an order
[2019-08-26 16:52:22] [INFO]: Updated order 11 for the status of 15
[2019-08-26 16:52:22] [INFO]: Order created successfully on cart id 11
[2019-08-26 16:56:33] [INFO]: Cart id 12 - Preference created successfully
[2019-08-26 16:56:37] [INFO]: Cart id 12 - Preference created successfully
[2019-08-26 16:56:40] [INFO]: Cart id 12 - Preference created successfully
[2019-08-26 16:57:56] [INFO]: Notification received on cart id 12
[2019-08-26 16:57:56] [WARNING]: The order status is the same
[2019-08-26 16:57:56] [INFO]: Notification received on cart id 12
[2019-08-26 16:57:57] [INFO]: Notification received on cart id 12
[2019-08-26 16:57:57] [ERROR]: The notification does not have the necessary parameters to create an order
[2019-08-26 16:57:57] [INFO]: Notification received on cart id 12
[2019-08-26 16:57:57] [ERROR]: The notification does not have the necessary parameters to create an order
[2019-08-26 16:57:57] [INFO]: Notification received on cart id 12
[2019-08-26 16:57:57] [INFO]: Notification received on cart id 12
[2019-08-26 16:57:57] [ERROR]: The notification does not have the necessary parameters to create an order
[2019-08-26 16:57:57] [INFO]: Notification received on cart id 12
[2019-08-26 16:57:57] [ERROR]: The notification does not have the necessary parameters to create an order
[2019-08-26 16:57:57] [INFO]: Updated order 12 for the status of 15
[2019-08-26 16:57:58] [INFO]: Order created successfully on cart id 12
[2019-08-26 16:59:11] [INFO]: Standard checkout configuration saved successfully
[2019-08-26 17:00:34] [INFO]: Cart id 13 - Preference created successfully
[2019-08-26 17:01:04] [INFO]: Notification received on cart id 13
[2019-08-26 17:01:05] [WARNING]: The order status is the same
[2019-08-26 17:01:05] [INFO]: Notification received on cart id 13
[2019-08-26 17:01:05] [WARNING]: The order status is the same
[2019-08-26 17:01:07] [INFO]: Notification received on cart id 13
[2019-08-26 17:01:07] [ERROR]: The notification does not have the necessary parameters to create an order
[2019-08-26 17:01:07] [INFO]: Notification received on cart id 13
[2019-08-26 17:01:07] [ERROR]: The notification does not have the necessary parameters to create an order
[2019-08-26 17:01:07] [INFO]: Notification received on cart id 13
[2019-08-26 17:01:07] [INFO]: Notification received on cart id 13
[2019-08-26 17:01:07] [ERROR]: The notification does not have the necessary parameters to create an order
[2019-08-26 17:01:08] [INFO]: Notification received on cart id 13
[2019-08-26 17:01:08] [ERROR]: The notification does not have the necessary parameters to create an order
[2019-08-26 17:01:09] [INFO]: Order created successfully on cart id 13
[2019-08-26 17:04:41] [INFO]: Standard checkout configuration saved successfully
[2019-08-26 17:04:46] [INFO]: Cart id 14 - Preference created successfully
[2019-08-26 17:04:51] [INFO]: Cart id 14 - Preference created successfully
[2019-08-26 17:04:54] [INFO]: Cart id 14 - Preference created successfully
[2019-08-26 17:05:12] [INFO]: Notification received on cart id 10
[2019-08-26 17:05:12] [WARNING]: The order status is the same
[2019-08-26 17:05:15] [INFO]: Notification received on cart id 10
[2019-08-26 17:05:15] [ERROR]: The notification does not have the necessary parameters to create an order
[2019-08-26 17:05:15] [INFO]: Notification received on cart id 10
[2019-08-26 17:05:15] [ERROR]: The notification does not have the necessary parameters to create an order
[2019-08-26 17:06:41] [INFO]: Notification received on cart id 14
[2019-08-26 17:06:41] [WARNING]: The order status is the same
[2019-08-26 17:06:42] [INFO]: Notification received on cart id 14
[2019-08-26 17:06:42] [INFO]: Notification received on cart id 14
[2019-08-26 17:06:42] [ERROR]: The notification does not have the necessary parameters to create an order
[2019-08-26 17:06:42] [INFO]: Notification received on cart id 14
[2019-08-26 17:06:42] [ERROR]: The notification does not have the necessary parameters to create an order
[2019-08-26 17:06:42] [INFO]: Notification received on cart id 14
[2019-08-26 17:06:42] [INFO]: Notification received on cart id 14
[2019-08-26 17:06:42] [ERROR]: The notification does not have the necessary parameters to create an order
[2019-08-26 17:06:43] [INFO]: Notification received on cart id 14
[2019-08-26 17:06:43] [ERROR]: The notification does not have the necessary parameters to create an order
[2019-08-26 17:06:43] [INFO]: Updated order 14 for the status of 15
[2019-08-26 17:06:43] [INFO]: Order created successfully on cart id 14
[2019-08-26 17:08:18] [INFO]: Cart id 15 - Preference created successfully
[2019-08-26 17:08:31] [INFO]: Cart id 15 - Preference created successfully
[2019-08-26 17:08:34] [INFO]: Cart id 15 - Preference created successfully
[2019-08-26 17:09:20] [INFO]: Notification received on cart id 15
[2019-08-26 17:09:20] [WARNING]: The order status is the same
[2019-08-26 17:09:20] [INFO]: Notification received on cart id 15
[2019-08-26 17:09:20] [INFO]: Notification received on cart id 15
[2019-08-26 17:09:20] [ERROR]: The notification does not have the necessary parameters to create an order
[2019-08-26 17:09:20] [INFO]: Notification received on cart id 15
[2019-08-26 17:09:20] [ERROR]: The notification does not have the necessary parameters to create an order
[2019-08-26 17:09:20] [INFO]: Notification received on cart id 15
[2019-08-26 17:09:20] [ERROR]: The notification does not have the necessary parameters to create an order
[2019-08-26 17:09:21] [INFO]: Notification received on cart id 15
[2019-08-26 17:09:21] [ERROR]: The notification does not have the necessary parameters to create an order
[2019-08-26 17:09:21] [INFO]: Notification received on cart id 15
[2019-08-26 17:09:21] [INFO]: Order created successfully on cart id 15
[2019-08-26 17:09:22] [WARNING]: The order status is the same
[2019-08-26 17:09:22] [INFO]: Notification received on cart id 15
[2019-08-26 17:09:22] [WARNING]: The order status is the same
[2019-08-26 17:10:16] [INFO]: Notification received on cart id 8
[2019-08-26 17:10:16] [ERROR]: The notification does not have the necessary parameters to create an order
[2019-08-26 17:10:18] [INFO]: Notification received on cart id 8
[2019-08-26 17:10:18] [ERROR]: The notification does not have the necessary parameters to create an order
[2019-08-26 17:10:38] [INFO]: Standard checkout configuration saved successfully
[2019-08-26 17:10:43] [INFO]: Notification received on cart id 11
[2019-08-26 17:10:43] [ERROR]: The notification does not have the necessary parameters to create an order
[2019-08-26 17:10:44] [INFO]: Notification received on cart id 11
[2019-08-26 17:10:44] [ERROR]: The notification does not have the necessary parameters to create an order
[2019-08-26 17:10:51] [INFO]: Notification received on cart id 7
[2019-08-26 17:10:51] [ERROR]: The notification does not have the necessary parameters to create an order
[2019-08-26 17:10:54] [INFO]: Notification received on cart id 7
[2019-08-26 17:10:54] [ERROR]: The notification does not have the necessary parameters to create an order
[2019-08-26 17:11:26] [INFO]: Cart id 16 - Preference created successfully
[2019-08-26 17:11:30] [INFO]: Cart id 16 - Preference created successfully
[2019-08-26 17:11:32] [INFO]: Cart id 16 - Preference created successfully
[2019-08-26 17:12:44] [INFO]: Notification received on cart id 16
[2019-08-26 17:12:45] [WARNING]: The order status is the same
[2019-08-26 17:12:45] [INFO]: Notification received on cart id 16
[2019-08-26 17:12:45] [INFO]: Notification received on cart id 16
[2019-08-26 17:12:45] [INFO]: Notification received on cart id 16
[2019-08-26 17:12:45] [ERROR]: The notification does not have the necessary parameters to create an order
[2019-08-26 17:12:45] [INFO]: Notification received on cart id 16
[2019-08-26 17:12:45] [ERROR]: The notification does not have the necessary parameters to create an order
[2019-08-26 17:12:45] [INFO]: Notification received on cart id 16
[2019-08-26 17:12:45] [ERROR]: The notification does not have the necessary parameters to create an order
[2019-08-26 17:12:45] [INFO]: Notification received on cart id 16
[2019-08-26 17:12:45] [ERROR]: The notification does not have the necessary parameters to create an order
[2019-08-26 17:13:39] [INFO]: Cart id 17 - Preference created successfully
[2019-08-26 17:13:43] [INFO]: Cart id 17 - Preference created successfully
[2019-08-26 17:13:53] [INFO]: Cart id 17 - Preference created successfully
[2019-08-26 17:14:29] [INFO]: Notification received on cart id 17
[2019-08-26 17:14:29] [ERROR]: The notification does not have the necessary parameters to create an order
[2019-08-26 17:14:29] [INFO]: Notification received on cart id 17
[2019-08-26 17:14:29] [ERROR]: The notification does not have the necessary parameters to create an order
[2019-08-26 17:14:29] [INFO]: Notification received on cart id 17
[2019-08-26 17:14:29] [ERROR]: The notification does not have the necessary parameters to create an order
[2019-08-26 17:14:29] [INFO]: Notification received on cart id 17
[2019-08-26 17:14:29] [ERROR]: The notification does not have the necessary parameters to create an order
[2019-08-26 17:14:34] [INFO]: Notification received on cart id 17
[2019-08-26 17:14:38] [INFO]: Notification received on cart id 17
[2019-08-26 17:15:02] [INFO]: Notification received on cart id 9
[2019-08-26 17:15:02] [ERROR]: The notification does not have the necessary parameters to create an order
[2019-08-26 17:15:27] [INFO]: Notification received on cart id 12
[2019-08-26 17:15:27] [ERROR]: The notification does not have the necessary parameters to create an order
[2019-08-26 17:15:29] [INFO]: Notification received on cart id 12
[2019-08-26 17:15:29] [ERROR]: The notification does not have the necessary parameters to create an order
[2019-08-26 17:15:32] [INFO]: Notification received on cart id 9
[2019-08-26 17:15:32] [ERROR]: The notification does not have the necessary parameters to create an order
[2019-08-26 17:17:29] [ERROR]: The callback failed
[2019-08-26 17:17:30] [INFO]: Cart id 17 - Preference created successfully
[2019-08-26 17:19:06] [INFO]: Cart id 17 - Preference created successfully
[2019-08-26 17:20:17] [INFO]: Notification received on cart id 13
[2019-08-26 17:20:17] [ERROR]: The notification does not have the necessary parameters to create an order
[2019-08-26 17:20:17] [INFO]: Notification received on cart id 13
[2019-08-26 17:20:17] [ERROR]: The notification does not have the necessary parameters to create an order
[2019-08-26 17:21:10] [INFO]: Notification received on cart id 17
[2019-08-26 17:21:10] [WARNING]: The order status is the same
[2019-08-26 17:21:11] [INFO]: Notification received on cart id 17
[2019-08-26 17:21:11] [INFO]: Notification received on cart id 17
[2019-08-26 17:21:11] [ERROR]: The notification does not have the necessary parameters to create an order
[2019-08-26 17:21:11] [INFO]: Notification received on cart id 17
[2019-08-26 17:21:11] [INFO]: Notification received on cart id 17
[2019-08-26 17:21:11] [ERROR]: The notification does not have the necessary parameters to create an order
[2019-08-26 17:21:12] [INFO]: Order created successfully on cart id 17
[2019-08-26 17:21:20] [INFO]: Notification received on cart id 17
[2019-08-26 17:21:20] [ERROR]: The notification does not have the necessary parameters to create an order
[2019-08-26 17:21:21] [INFO]: Notification received on cart id 17
[2019-08-26 17:21:21] [ERROR]: The notification does not have the necessary parameters to create an order
[2019-08-26 17:22:55] [INFO]: Standard checkout configuration saved successfully
[2019-08-26 17:25:21] [INFO]: Notification received on cart id 14
[2019-08-26 17:25:21] [ERROR]: The notification does not have the necessary parameters to create an order
[2019-08-26 17:25:24] [INFO]: Notification received on cart id 14
[2019-08-26 17:25:24] [ERROR]: The notification does not have the necessary parameters to create an order
[2019-08-26 17:25:36] [INFO]: Notification received on cart id 15
[2019-08-26 17:25:36] [ERROR]: The notification does not have the necessary parameters to create an order
[2019-08-26 17:25:40] [INFO]: Notification received on cart id 15
[2019-08-26 17:25:40] [WARNING]: The order status is the same
[2019-08-26 17:25:47] [INFO]: Notification received on cart id 15
[2019-08-26 17:25:47] [ERROR]: The notification does not have the necessary parameters to create an order
[2019-08-26 17:30:06] [INFO]: Notification received on cart id 16
[2019-08-26 17:30:06] [ERROR]: The notification does not have the necessary parameters to create an order
[2019-08-26 17:30:06] [INFO]: Notification received on cart id 16
[2019-08-26 17:30:06] [ERROR]: The notification does not have the necessary parameters to create an order
[2019-08-26 17:30:15] [INFO]: Notification received on cart id 17
[2019-08-26 17:30:15] [ERROR]: The notification does not have the necessary parameters to create an order
[2019-08-26 17:30:21] [INFO]: Notification received on cart id 17
[2019-08-26 17:30:21] [ERROR]: The notification does not have the necessary parameters to create an order
[2019-08-26 17:31:09] [INFO]: Notification received on cart id 15
[2019-08-26 17:31:09] [ERROR]: The notification does not have the necessary parameters to create an order
[2019-08-26 17:31:09] [INFO]: Notification received on cart id 15
[2019-08-26 17:31:09] [ERROR]: The notification does not have the necessary parameters to create an order
[2019-08-26 17:31:09] [INFO]: Notification received on cart id 15
[2019-08-26 17:31:10] [INFO]: Notification received on cart id 15
[2019-08-26 17:31:10] [ERROR]: The notification does not have the necessary parameters to create an order
[2019-08-26 17:31:10] [INFO]: Notification received on cart id 15
[2019-08-26 17:31:10] [ERROR]: The notification does not have the necessary parameters to create an order
[2019-08-26 17:31:10] [INFO]: Updated order 15 for the status of 15
[2019-08-26 17:35:17] [INFO]: Notification received on cart id 13
[2019-08-26 17:35:17] [ERROR]: The notification does not have the necessary parameters to create an order
[2019-08-26 17:35:17] [INFO]: Notification received on cart id 13
[2019-08-26 17:35:17] [ERROR]: The notification does not have the necessary parameters to create an order
[2019-08-26 17:35:17] [INFO]: Notification received on cart id 13
[2019-08-26 17:35:17] [INFO]: Notification received on cart id 13
[2019-08-26 17:35:17] [ERROR]: The notification does not have the necessary parameters to create an order
[2019-08-26 17:35:17] [INFO]: Notification received on cart id 13
[2019-08-26 17:35:17] [ERROR]: The notification does not have the necessary parameters to create an order
[2019-08-26 17:35:17] [INFO]: Updated order 13 for the status of 17
[2019-08-26 17:40:03] [INFO]: Notification received on cart id 17
[2019-08-26 17:40:03] [ERROR]: The notification does not have the necessary parameters to create an order
[2019-08-26 17:40:03] [INFO]: Notification received on cart id 17
[2019-08-26 17:40:03] [ERROR]: The notification does not have the necessary parameters to create an order
[2019-08-26 17:40:14] [INFO]: Notification received on cart id 10
[2019-08-26 17:40:14] [ERROR]: The notification does not have the necessary parameters to create an order
[2019-08-26 17:40:14] [INFO]: Notification received on cart id 10
[2019-08-26 17:40:14] [ERROR]: The notification does not have the necessary parameters to create an order
[2019-08-26 17:40:15] [INFO]: Notification received on cart id 10
[2019-08-26 17:40:15] [WARNING]: The order status is the same
[2019-08-26 17:45:18] [INFO]: Notification received on cart id 11
[2019-08-26 17:45:18] [ERROR]: The notification does not have the necessary parameters to create an order
[2019-08-26 17:45:19] [INFO]: Notification received on cart id 11
[2019-08-26 17:45:19] [ERROR]: The notification does not have the necessary parameters to create an order
[2019-08-26 17:50:12] [INFO]: Notification received on cart id 15
[2019-08-26 17:50:12] [ERROR]: The notification does not have the necessary parameters to create an order
[2019-08-26 17:50:12] [INFO]: Notification received on cart id 15
[2019-08-26 17:50:12] [ERROR]: The notification does not have the necessary parameters to create an order
[2019-08-26 17:50:35] [INFO]: Notification received on cart id 12
[2019-08-26 17:50:35] [ERROR]: The notification does not have the necessary parameters to create an order
[2019-08-26 17:50:37] [INFO]: Notification received on cart id 12
[2019-08-26 17:50:37] [ERROR]: The notification does not have the necessary parameters to create an order
[2019-08-26 17:55:07] [INFO]: Notification received on cart id 13
[2019-08-26 17:55:07] [ERROR]: The notification does not have the necessary parameters to create an order
[2019-08-26 17:55:24] [INFO]: Notification received on cart id 13
[2019-08-26 17:55:24] [ERROR]: The notification does not have the necessary parameters to create an order
[2019-08-26 17:55:24] [INFO]: Notification received on cart id 13
[2019-08-26 17:55:24] [ERROR]: The notification does not have the necessary parameters to create an order
[2019-08-26 17:55:43] [INFO]: Notification received on cart id 13
[2019-08-26 17:55:43] [ERROR]: The notification does not have the necessary parameters to create an order
[2019-08-26 17:59:25] [INFO]: Cart id 18 - Preference created successfully
[2019-08-26 17:59:31] [INFO]: Cart id 18 - Preference created successfully
[2019-08-26 17:59:34] [INFO]: Cart id 18 - Preference created successfully
[2019-08-26 17:59:50] [INFO]: Mercadopago plugin uninstalled in the store
[2019-08-26 17:59:51] [INFO]: Mercadopago plugin installed in the store
[2019-08-26 18:00:02] [INFO]: Notification received on cart id 15
[2019-08-26 18:00:02] [ERROR]: The notification does not have the necessary parameters to create an order
[2019-08-26 18:00:06] [INFO]: Notification received on cart id 15
[2019-08-26 18:00:06] [ERROR]: The notification does not have the necessary parameters to create an order
[2019-08-26 18:00:21] [INFO]: Notification received on cart id 14
[2019-08-26 18:00:21] [ERROR]: The notification does not have the necessary parameters to create an order
[2019-08-26 18:00:24] [ERROR]: API get_payment_methods error: neither a public key nor caller id were provided
[2019-08-26 18:00:38] [INFO]: Notification received on cart id 14
[2019-08-26 18:00:38] [ERROR]: The notification does not have the necessary parameters to create an order
[2019-08-26 18:00:55] [ERROR]: API get_payment_methods error: neither a public key nor caller id were provided
[2019-08-26 18:00:56] [INFO]: Credentials saved successfully
[2019-08-26 18:02:10] [INFO]: Credentials saved successfully
[2019-08-26 18:02:28] [INFO]: Mercadopago plugin uninstalled in the store
[2019-08-26 18:02:29] [INFO]: Mercadopago plugin installed in the store
[2019-08-26 18:03:38] [INFO]: Mercadopago plugin uninstalled in the store
[2019-08-26 18:03:39] [INFO]: Mercadopago plugin installed in the store
[2019-08-26 18:03:42] [ERROR]: API get_payment_methods error: neither a public key nor caller id were provided
[2019-08-26 18:05:01] [ERROR]: API get_payment_methods error: neither a public key nor caller id were provided
[2019-08-26 18:05:01] [ERROR]: API valid_access_token error: invalid_token
[2019-08-26 18:05:01] [WARNING]: Invalid MERCADOPAGO_ACCESS_TOKEN submitted
[2019-08-26 18:05:01] [ERROR]: API valid_access_token error: invalid_token
[2019-08-26 18:05:01] [WARNING]: Invalid MERCADOPAGO_SANDBOX_ACCESS_TOKEN submitted
[2019-08-26 18:05:23] [INFO]: Notification received on cart id 16
[2019-08-26 18:05:23] [ERROR]: The notification does not have the necessary parameters to create an order
[2019-08-26 18:05:24] [ERROR]: API get_payment_methods error: neither a public key nor caller id were provided
[2019-08-26 18:05:24] [INFO]: Notification received on cart id 16
[2019-08-26 18:05:24] [ERROR]: The notification does not have the necessary parameters to create an order
[2019-08-26 18:05:24] [INFO]: Credentials saved successfully
[2019-08-26 18:05:27] [INFO]: Notification received on cart id 17
[2019-08-26 18:05:27] [ERROR]: The notification does not have the necessary parameters to create an order
[2019-08-26 18:05:27] [INFO]: Notification received on cart id 17
[2019-08-26 18:05:27] [ERROR]: The notification does not have the necessary parameters to create an order
[2019-08-26 18:06:24] [INFO]: Standard checkout configuration saved successfully
[2019-08-26 18:06:36] [INFO]: Credentials saved successfully
[2019-08-26 18:07:13] [INFO]: Mercadopago plugin uninstalled in the store
[2019-08-26 18:07:14] [INFO]: Mercadopago plugin installed in the store
[2019-08-26 18:07:18] [ERROR]: API get_payment_methods error: neither a public key nor caller id were provided
[2019-08-26 18:10:25] [ERROR]: API get_payment_methods error: neither a public key nor caller id were provided
[2019-08-26 18:10:45] [ERROR]: API get_payment_methods error: neither a public key nor caller id were provided
[2019-08-26 18:10:51] [ERROR]: API get_payment_methods error: neither a public key nor caller id were provided
[2019-08-26 18:12:22] [INFO]: Credentials saved successfully
[2019-08-26 18:14:08] [INFO]: Credentials saved successfully
[2019-08-26 18:14:16] [INFO]: Mercadopago plugin uninstalled in the store
[2019-08-26 18:14:17] [INFO]: Mercadopago plugin installed in the store
[2019-08-26 18:14:51] [INFO]: Credentials saved successfully
[2019-08-26 18:15:38] [INFO]: Notification received on cart id 17
[2019-08-26 18:15:38] [ERROR]: The notification does not have the necessary parameters to create an order
[2019-08-26 18:15:38] [INFO]: Notification received on cart id 17
[2019-08-26 18:15:38] [ERROR]: The notification does not have the necessary parameters to create an order
[2019-08-26 18:25:23] [INFO]: Notification received on cart id 15
[2019-08-26 18:25:23] [ERROR]: The notification does not have the necessary parameters to create an order
[2019-08-26 18:25:26] [INFO]: Notification received on cart id 15
[2019-08-26 18:25:26] [ERROR]: The notification does not have the necessary parameters to create an order
[2019-08-26 18:30:05] [INFO]: Notification received on cart id 13
[2019-08-26 18:30:05] [ERROR]: The notification does not have the necessary parameters to create an order
[2019-08-26 18:30:20] [INFO]: Notification received on cart id 13
[2019-08-26 18:30:20] [ERROR]: The notification does not have the necessary parameters to create an order
[2019-08-26 18:53:46] [INFO]: Mercadopago plugin uninstalled in the store
[2019-08-26 18:53:47] [INFO]: Mercadopago plugin installed in the store
[2019-08-26 18:53:59] [WARNING]: Invalid MERCADOPAGO_PUBLIC_KEY submitted
[2019-08-26 18:53:59] [WARNING]: Invalid MERCADOPAGO_SANDBOX_PUBLIC_KEY submitted
[2019-08-26 18:55:53] [INFO]: Standard checkout configuration saved successfully
[2019-08-26 18:56:48] [INFO]: Standard checkout configuration saved successfully
[2019-08-26 18:57:37] [INFO]: Standard checkout configuration saved successfully
[2019-08-26 18:57:53] [INFO]: Mercadopago plugin uninstalled in the store
[2019-08-26 18:57:53] [INFO]: Mercadopago plugin installed in the store
[2019-08-26 18:58:06] [INFO]: Mercadopago plugin uninstalled in the store
[2019-08-26 18:58:07] [INFO]: Mercadopago plugin installed in the store
[2019-08-26 18:58:30] [WARNING]: Invalid MERCADOPAGO_PUBLIC_KEY submitted
[2019-08-26 18:58:31] [WARNING]: Invalid MERCADOPAGO_SANDBOX_PUBLIC_KEY submitted
[2019-08-26 19:05:36] [WARNING]: Invalid MERCADOPAGO_PUBLIC_KEY submitted
[2019-08-26 19:05:36] [WARNING]: Invalid MERCADOPAGO_SANDBOX_PUBLIC_KEY submitted
[2019-08-26 19:06:24] [WARNING]: Invalid MERCADOPAGO_PUBLIC_KEY submitted
[2019-08-26 19:06:25] [WARNING]: Invalid MERCADOPAGO_SANDBOX_PUBLIC_KEY submitted
[2019-08-26 19:07:23] [INFO]: Credentials saved successfully
[2019-08-26 19:15:14] [INFO]: Mercadopago plugin uninstalled in the store
[2019-08-26 19:15:14] [INFO]: Mercadopago plugin installed in the store
[2019-08-26 19:15:38] [INFO]: Mercadopago plugin uninstalled in the store
[2019-08-26 19:15:38] [INFO]: Mercadopago plugin installed in the store
[2019-08-26 19:16:06] [INFO]: Credentials saved successfully
[2019-08-26 19:16:22] [INFO]: Cart id 18 - Preference created successfully
[2019-08-26 19:16:32] [INFO]: Mercadopago plugin uninstalled in the store
[2019-08-26 19:16:33] [INFO]: Mercadopago plugin installed in the store
[2019-08-26 19:16:41] [INFO]: Credentials saved successfully
[2019-08-26 19:16:51] [INFO]: Mercadopago plugin uninstalled in the store
[2019-08-26 19:16:52] [INFO]: Mercadopago plugin installed in the store
[2019-08-26 19:17:08] [INFO]: Cart id 18 - Preference created successfully
[2019-08-26 23:15:10] [INFO]: Notification received on cart id 8
[2019-08-26 23:15:10] [ERROR]: The notification does not have the necessary parameters to create an order
[2019-08-26 23:15:12] [INFO]: Notification received on cart id 8
[2019-08-26 23:15:12] [ERROR]: The notification does not have the necessary parameters to create an order
[2019-08-26 23:15:18] [INFO]: Notification received on cart id 7
[2019-08-26 23:15:18] [ERROR]: The notification does not have the necessary parameters to create an order
[2019-08-26 23:15:20] [INFO]: Notification received on cart id 7
[2019-08-26 23:15:20] [ERROR]: The notification does not have the necessary parameters to create an order
[2019-08-26 23:20:10] [INFO]: Notification received on cart id 9
[2019-08-26 23:20:10] [ERROR]: The notification does not have the necessary parameters to create an order
[2019-08-26 23:20:21] [INFO]: Notification received on cart id 9
[2019-08-26 23:20:21] [ERROR]: The notification does not have the necessary parameters to create an order
[2019-08-26 23:45:02] [INFO]: Notification received on cart id 10
[2019-08-26 23:45:02] [ERROR]: The notification does not have the necessary parameters to create an order
[2019-08-26 23:45:03] [INFO]: Notification received on cart id 10
[2019-08-26 23:45:03] [ERROR]: API get_payment_standard error: Payment not found
[2019-08-26 23:45:03] [INFO]: Updated order 10 for the status of 
[2019-08-26 23:45:25] [INFO]: Notification received on cart id 10
[2019-08-26 23:45:25] [ERROR]: The notification does not have the necessary parameters to create an order
[2019-08-26 23:50:02] [INFO]: Notification received on cart id 11
[2019-08-26 23:50:02] [ERROR]: The notification does not have the necessary parameters to create an order
[2019-08-26 23:51:12] [INFO]: Notification received on cart id 11
[2019-08-26 23:51:12] [ERROR]: The notification does not have the necessary parameters to create an order
[2019-08-26 23:55:23] [INFO]: Notification received on cart id 12
[2019-08-26 23:55:23] [ERROR]: The notification does not have the necessary parameters to create an order
[2019-08-26 23:55:25] [INFO]: Notification received on cart id 12
[2019-08-26 23:55:25] [ERROR]: The notification does not have the necessary parameters to create an order
[2019-08-27 00:00:20] [INFO]: Notification received on cart id 13
[2019-08-27 00:00:20] [ERROR]: The notification does not have the necessary parameters to create an order
[2019-08-27 00:02:39] [INFO]: Notification received on cart id 13
[2019-08-27 00:02:39] [ERROR]: The notification does not have the necessary parameters to create an order
[2019-08-27 00:05:06] [INFO]: Notification received on cart id 14
[2019-08-27 00:05:06] [ERROR]: The notification does not have the necessary parameters to create an order
[2019-08-27 00:05:26] [INFO]: Notification received on cart id 15
[2019-08-27 00:05:26] [ERROR]: The notification does not have the necessary parameters to create an order
[2019-08-27 00:05:32] [INFO]: Notification received on cart id 15
[2019-08-27 00:05:32] [ERROR]: The notification does not have the necessary parameters to create an order
[2019-08-27 00:06:07] [INFO]: Notification received on cart id 14
[2019-08-27 00:06:07] [ERROR]: The notification does not have the necessary parameters to create an order
[2019-08-27 00:10:03] [INFO]: Notification received on cart id 17
[2019-08-27 00:10:03] [ERROR]: The notification does not have the necessary parameters to create an order
[2019-08-27 00:10:07] [INFO]: Notification received on cart id 16
[2019-08-27 00:10:07] [ERROR]: The notification does not have the necessary parameters to create an order
[2019-08-27 00:10:14] [INFO]: Notification received on cart id 17
[2019-08-27 00:10:14] [ERROR]: The notification does not have the necessary parameters to create an order
[2019-08-27 00:10:15] [INFO]: Notification received on cart id 16
[2019-08-27 00:10:15] [ERROR]: The notification does not have the necessary parameters to create an order
[2019-08-27 00:20:14] [INFO]: Notification received on cart id 17
[2019-08-27 00:20:14] [ERROR]: The notification does not have the necessary parameters to create an order
[2019-08-27 00:20:15] [INFO]: Notification received on cart id 17
[2019-08-27 00:20:15] [ERROR]: The notification does not have the necessary parameters to create an order
[2019-08-27 00:30:12] [INFO]: Notification received on cart id 15
[2019-08-27 00:30:12] [ERROR]: The notification does not have the necessary parameters to create an order
[2019-08-27 00:30:13] [INFO]: Notification received on cart id 15
[2019-08-27 00:30:13] [ERROR]: The notification does not have the necessary parameters to create an order
[2019-08-27 00:35:01] [INFO]: Notification received on cart id 13
[2019-08-27 00:35:01] [ERROR]: The notification does not have the necessary parameters to create an order
[2019-08-27 00:35:11] [INFO]: Notification received on cart id 13
[2019-08-27 00:35:11] [ERROR]: The notification does not have the necessary parameters to create an order
[2019-08-27 10:38:50] [INFO]: Credentials saved successfully
[2019-08-27 10:40:11] [INFO]: Cart id 18 - Preference created successfully
[2019-08-27 10:40:24] [INFO]: Standard checkout configuration saved successfully
[2019-08-27 10:40:30] [INFO]: Cart id 18 - Preference created successfully
[2019-08-27 10:40:39] [INFO]: Credentials saved successfully
[2019-08-27 10:41:01] [INFO]: Cart id 18 - Preference created successfully
[2019-08-27 15:17:06] [INFO]: Mercadopago plugin uninstalled in the store
[2019-08-27 15:17:07] [INFO]: Mercadopago plugin installed in the store
[2019-08-27 15:55:06] [INFO]: Credentials saved successfully
[2019-08-27 15:55:25] [INFO]: Standard checkout configuration saved successfully
[2019-08-27 15:57:53] [INFO]: Standard checkout configuration saved successfully
[2019-08-27 18:32:37] [INFO]: Cart id 19 - Preference created successfully
[2019-08-27 18:32:40] [INFO]: Cart id 19 - Preference created successfully
[2019-08-27 18:32:45] [INFO]: Cart id 19 - Preference created successfully
[2019-08-27 18:33:05] [ERROR]: API save_api_settings error: Internal server error
[2019-08-27 18:33:05] [INFO]: Credentials saved successfully
[2019-08-27 18:36:10] [INFO]: Cart id 19 - Preference created successfully
[2019-08-27 18:36:53] [INFO]: Cart id 19 - Preference created successfully
[2019-08-27 18:36:59] [INFO]: Cart id 19 - Preference created successfully
[2019-08-27 18:39:48] [INFO]: Notification received on cart id 19
[2019-08-27 18:39:49] [WARNING]: The order status is the same
[2019-08-27 18:39:49] [INFO]: Notification received on cart id 19
[2019-08-27 18:39:49] [INFO]: Notification received on cart id 19
[2019-08-27 18:39:49] [ERROR]: The notification does not have the necessary parameters to create an order
[2019-08-27 18:39:49] [INFO]: Notification received on cart id 19
[2019-08-27 18:39:49] [ERROR]: The notification does not have the necessary parameters to create an order
[2019-08-27 18:39:49] [INFO]: Notification received on cart id 19
[2019-08-27 18:39:49] [INFO]: Notification received on cart id 19
[2019-08-27 18:39:49] [ERROR]: The notification does not have the necessary parameters to create an order
[2019-08-27 18:39:50] [INFO]: Notification received on cart id 19
[2019-08-27 18:39:50] [ERROR]: The notification does not have the necessary parameters to create an order
[2019-08-27 18:39:50] [INFO]: Updated order 17 for the status of 33
[2019-08-27 18:39:50] [INFO]: Order created successfully on cart id 19
[2019-08-27 18:55:01] [INFO]: Notification received on cart id 19
[2019-08-27 18:55:01] [ERROR]: The notification does not have the necessary parameters to create an order
[2019-08-27 18:55:08] [INFO]: Notification received on cart id 19
[2019-08-27 18:55:08] [ERROR]: The notification does not have the necessary parameters to create an order
[2019-08-27 19:30:24] [INFO]: Notification received on cart id 19
[2019-08-27 19:30:24] [ERROR]: The notification does not have the necessary parameters to create an order
[2019-08-27 19:30:25] [INFO]: Notification received on cart id 19
[2019-08-27 19:30:25] [ERROR]: The notification does not have the necessary parameters to create an order
[2019-08-27 20:23:57] [INFO]: Cart id 20 - Preference created successfully
[2019-08-27 20:24:01] [INFO]: Cart id 20 - Preference created successfully
[2019-08-27 20:24:05] [INFO]: Cart id 20 - Preference created successfully
[2019-08-28 14:26:13] [INFO]: Mercadopago plugin installed in the store
[2019-08-28 14:27:04] [INFO]: Localization saved successfully
[2019-08-28 14:30:11] [INFO]: Credentials saved successfully
[2019-08-28 14:30:45] [INFO]: Credentials saved successfully
[2019-08-28 14:34:07] [ERROR]: API create_preferences error: currency_id invalid
[2019-08-28 14:35:58] [ERROR]: API create_preferences error: cannot exclude all payments methods
[2019-08-28 14:40:00] [INFO]: Mercadopago plugin uninstalled in the store
[2019-08-28 14:40:00] [INFO]: Mercadopago plugin installed in the store
[2019-08-28 14:40:29] [INFO]: Localization saved successfully
[2019-08-28 14:41:06] [INFO]: Credentials saved successfully
[2019-08-28 14:42:37] [INFO]: Mercadopago plugin uninstalled in the store
[2019-08-28 14:42:37] [INFO]: Mercadopago plugin installed in the store
[2019-08-28 14:43:06] [INFO]: Credentials saved successfully
[2019-08-28 16:10:37] [INFO]: Cart id 6 - Preference created successfully
[2019-08-28 16:10:50] [INFO]: Standard checkout configuration saved successfully
[2019-08-28 16:11:01] [INFO]: Credentials saved successfully
[2019-08-28 16:11:10] [INFO]: Cart id 6 - Preference created successfully
[2019-08-28 16:11:14] [INFO]: Cart id 6 - Preference created successfully
[2019-08-28 19:29:39] [INFO]: Cart id 6 - Preference created successfully
[2019-08-28 19:40:22] [INFO]: Mercadopago plugin installed in the store
[2019-08-28 20:23:26] [INFO]: Credentials saved successfully
[2019-08-28 22:27:30] [ERROR]: API create_preferences error: currency_id invalid
[2019-08-28 22:27:37] [ERROR]: API create_preferences error: currency_id invalid
[2019-08-28 22:27:45] [ERROR]: API create_preferences error: currency_id invalid
[2019-08-28 23:45:46] [ERROR]: API create_preferences error: currency_id invalid
[2019-08-28 23:47:16] [INFO]: Cart id 6 - Preference created successfully
[2019-08-28 23:47:22] [INFO]: Cart id 6 - Preference created successfully
[2019-08-28 23:47:28] [INFO]: Cart id 6 - Preference created successfully
[2019-08-28 23:53:21] [INFO]: Cart id 6 - Preference created successfully
[2019-08-30 15:11:02] [INFO]: Cart id 6 - Preference created successfully
[2019-08-30 16:06:21] [INFO]: Credentials saved successfully
[2019-08-30 16:14:32] [ERROR]: API valid_access_token error: The User ID must match the consultant's
[2019-08-30 16:14:32] [WARNING]: Invalid MERCADOPAGO_SANDBOX_ACCESS_TOKEN submitted
[2019-08-30 16:40:01] [INFO]: Cart id 6 - Preference created successfully
[2019-08-30 16:40:07] [INFO]: Cart id 6 - Preference created successfully
[2019-08-30 16:40:13] [INFO]: Cart id 6 - Preference created successfully
